2025-10-16 13:02:42 -  - exec CUpdateClient::GetUpdatesList
2025-10-16 13:02:42 -  - exec CUpdateClient::CollectRequestData
2025-10-16 13:02:42 -  - LICENSE_KEY=X&lang=ru&SUPD_VER=25.100.500&VERSION=25.100.500&TYPENC=D&SUPD_STS=1&SUPD_URS=0&SUPD_DBS=MYSQL&XE=N&CLIENT_SITE=oil.topmarka.site&SERVER_NAME=&CHHB=oil.topmarka.site&CSAB=127.0.0.1&SUID=lwtni8sq62k2eywi9dw8xljlgcaw2ul4&CANGZIP=Y&CLIENT_PHPVER=8.1.29&stable=Y&mbfo=0&NGINX=Y&SMD=N&rerere=Y&bitm_main=25.100.500&bitm_abtest=24.100.0&bitm_b24connector=24.0.100&bitm_bitrixcloud=25.0.0&bitm_blog=24.300.100&bitm_catalog=25.0.100&bitm_clouds=25.100.0&bitm_conversion=24.0.0&bitm_currency=24.100.0&bitm_fileman=25.0.0&bitm_form=25.0.0&bitm_forum=25.200.0&bitm_highloadblock=24.100.0&bitm_iblock=25.0.100&bitm_landing=24.800.300&bitm_location=25.100.0&bitm_messageservice=24.900.100&bitm_mobileapp=24.200.0&bitm_perfmon=24.200.0&bitm_photogallery=25.0.0&bitm_pull=25.200.100&bitm_report=24.100.100&bitm_rest=25.300.100&bitm_sale=25.0.200&bitm_search=25.0.0&bitm_security=24.0.300&bitm_sender=24.400.100&bitm_seo=24.700.100&bitm_socialservices=24.200.100&bitm_storeassist=24.0.0&bitm_subscribe=24.0.0&bitm_translate=25.0.0&bitm_ui=25.50.200&bitm_vote=25.0.0&bitl_en=&bitl_ru=&SUPD_OFC=Small&SUPD_SRS=RU&SUPD_CMP=N&SALE_15=Y&LICENSE_SIGNED=%7Enew_license18_0_sign-Y
2025-10-16 13:02:42 -  - exec CUpdateClient::GetHTTPPage
2025-10-16 13:02:42 -  - TIME GetUpdatesList(request) 0.092 sec
2025-10-16 13:02:42 -  - exec CUpdateClient::ParseServerData
2025-10-16 13:02:56 -  - exec CUpdateClient::GetUpdatesList
2025-10-16 13:02:56 -  - exec CUpdateClient::CollectRequestData
2025-10-16 13:02:56 -  - LICENSE_KEY=X&lang=ru&SUPD_VER=25.100.500&VERSION=25.100.500&TYPENC=D&SUPD_STS=1&SUPD_URS=0&SUPD_DBS=MYSQL&XE=N&CLIENT_SITE=oil.topmarka.site&SERVER_NAME=&CHHB=oil.topmarka.site&CSAB=127.0.0.1&SUID=lwtni8sq62k2eywi9dw8xljlgcaw2ul4&CANGZIP=Y&CLIENT_PHPVER=8.1.29&stable=Y&mbfo=0&NGINX=Y&SMD=N&rerere=Y&bitm_main=25.100.500&bitm_abtest=24.100.0&bitm_b24connector=24.0.100&bitm_bitrixcloud=25.0.0&bitm_blog=24.300.100&bitm_catalog=25.0.100&bitm_clouds=25.100.0&bitm_conversion=24.0.0&bitm_currency=24.100.0&bitm_fileman=25.0.0&bitm_form=25.0.0&bitm_forum=25.200.0&bitm_highloadblock=24.100.0&bitm_iblock=25.0.100&bitm_landing=24.800.300&bitm_location=25.100.0&bitm_messageservice=24.900.100&bitm_mobileapp=24.200.0&bitm_perfmon=24.200.0&bitm_photogallery=25.0.0&bitm_pull=25.200.100&bitm_report=24.100.100&bitm_rest=25.300.100&bitm_sale=25.0.200&bitm_search=25.0.0&bitm_security=24.0.300&bitm_sender=24.400.100&bitm_seo=24.700.100&bitm_socialservices=24.200.100&bitm_storeassist=24.0.0&bitm_subscribe=24.0.0&bitm_translate=25.0.0&bitm_ui=25.50.200&bitm_vote=25.0.0&bitl_en=&bitl_ru=&SUPD_OFC=Small&SUPD_SRS=RU&SUPD_CMP=N&SALE_15=Y&LICENSE_SIGNED=%7Enew_license18_0_sign-Y
2025-10-16 13:02:56 -  - exec CUpdateClient::GetHTTPPage
2025-10-16 13:02:57 -  - TIME GetUpdatesList(request) 0.096 sec
2025-10-16 13:02:57 -  - exec CUpdateClient::ParseServerData
2025-10-16 13:03:01 -  - exec CUpdateClient::UpdateUpdate
2025-10-16 13:03:01 -  - exec CUpdateClient::CollectRequestData
2025-10-16 13:03:01 -  - LICENSE_KEY=X&lang=ru&SUPD_VER=25.100.500&VERSION=25.100.500&TYPENC=D&SUPD_STS=1&SUPD_URS=0&SUPD_DBS=MYSQL&XE=N&CLIENT_SITE=oil.topmarka.site&SERVER_NAME=&CHHB=oil.topmarka.site&CSAB=127.0.0.1&SUID=lwtni8sq62k2eywi9dw8xljlgcaw2ul4&CANGZIP=Y&CLIENT_PHPVER=8.1.29&stable=Y&mbfo=0&NGINX=Y&SMD=N&rerere=Y&bitm_main=25.100.500&bitm_abtest=24.100.0&bitm_b24connector=24.0.100&bitm_bitrixcloud=25.0.0&bitm_blog=24.300.100&bitm_catalog=25.0.100&bitm_clouds=25.100.0&bitm_conversion=24.0.0&bitm_currency=24.100.0&bitm_fileman=25.0.0&bitm_form=25.0.0&bitm_forum=25.200.0&bitm_highloadblock=24.100.0&bitm_iblock=25.0.100&bitm_landing=24.800.300&bitm_location=25.100.0&bitm_messageservice=24.900.100&bitm_mobileapp=24.200.0&bitm_perfmon=24.200.0&bitm_photogallery=25.0.0&bitm_pull=25.200.100&bitm_report=24.100.100&bitm_rest=25.300.100&bitm_sale=25.0.200&bitm_search=25.0.0&bitm_security=24.0.300&bitm_sender=24.400.100&bitm_seo=24.700.100&bitm_socialservices=24.200.100&bitm_storeassist=24.0.0&bitm_subscribe=24.0.0&bitm_translate=25.0.0&bitm_ui=25.50.200&bitm_vote=25.0.0&bitl_en=&bitl_ru=&SUPD_OFC=Small&SUPD_SRS=RU&SUPD_CMP=N&SALE_15=Y&LICENSE_SIGNED=%7Enew_license18_0_sign-Y&query_type=updateupdate
2025-10-16 13:03:01 -  - exec CUpdateClient::GetHTTPPage
2025-10-16 13:03:02 -  - TIME UpdateUpdate(request) 0.72 sec
2025-10-16 13:03:02 -  - exec CUpdateClient::UnGzipArchive
2025-10-16 13:03:02 -  - TIME UnGzipArchive 0.022 sec
2025-10-16 13:03:02 -  - exec CUpdateClient::ParseServerData
2025-10-16 13:03:02 - CURV - Update updated successfully!
2025-10-16 13:03:02 - UPD_SUCCESS - Update system updated
2025-10-16 13:03:03 -  - exec CUpdateClient::GetUpdatesList
2025-10-16 13:03:03 -  - exec CUpdateClient::CollectRequestData
2025-10-16 13:03:03 -  - LICENSE_KEY=X&lang=ru&SUPD_VER=25.700.0&VERSION=25.100.500&TYPENC=D&SUPD_STS=1&SUPD_URS=0&SUPD_DBS=MYSQL&XE=N&CLIENT_SITE=oil.topmarka.site&SERVER_NAME=&CHHB=oil.topmarka.site&CSAB=127.0.0.1&SUID=lwtni8sq62k2eywi9dw8xljlgcaw2ul4&CANGZIP=Y&CLIENT_PHPVER=8.1.29&stable=Y&mbfo=0&NGINX=Y&SMD=N&rerere=Y&bitm_main=25.100.500&bitm_abtest=24.100.0&bitm_b24connector=24.0.100&bitm_bitrixcloud=25.0.0&bitm_blog=24.300.100&bitm_catalog=25.0.100&bitm_clouds=25.100.0&bitm_conversion=24.0.0&bitm_currency=24.100.0&bitm_fileman=25.0.0&bitm_form=25.0.0&bitm_forum=25.200.0&bitm_highloadblock=24.100.0&bitm_iblock=25.0.100&bitm_landing=24.800.300&bitm_location=25.100.0&bitm_messageservice=24.900.100&bitm_mobileapp=24.200.0&bitm_perfmon=24.200.0&bitm_photogallery=25.0.0&bitm_pull=25.200.100&bitm_report=24.100.100&bitm_rest=25.300.100&bitm_sale=25.0.200&bitm_search=25.0.0&bitm_security=24.0.300&bitm_sender=24.400.100&bitm_seo=24.700.100&bitm_socialservices=24.200.100&bitm_storeassist=24.0.0&bitm_subscribe=24.0.0&bitm_translate=25.0.0&bitm_ui=25.50.200&bitm_vote=25.0.0&bitl_en=&bitl_ru=&SUPD_OFC=Small&SUPD_SRS=RU&SUPD_CMP=N&SALE_15=Y&LICENSE_SIGNED=%7Enew_license18_0_sign-Y
2025-10-16 13:03:03 -  - exec CUpdateClient::GetHTTPPage
2025-10-16 13:03:03 -  - TIME GetUpdatesList(request) 0.185 sec
2025-10-16 13:03:03 -  - exec CUpdateClient::ParseServerData
2025-10-16 13:40:35 -  - exec CUpdateClient::GetUpdatesList
2025-10-16 13:40:35 -  - exec CUpdateClient::CollectRequestData
2025-10-16 13:40:35 -  - LICENSE_KEY=X&lang=ru&SUPD_VER=25.700.0&VERSION=25.100.500&TYPENC=D&SUPD_STS=1&SUPD_URS=0&SUPD_DBS=MYSQL&XE=N&CLIENT_SITE=oil.topmarka.site&SERVER_NAME=&CHHB=oil.topmarka.site&CSAB=127.0.0.1&SUID=lwtni8sq62k2eywi9dw8xljlgcaw2ul4&CANGZIP=Y&CLIENT_PHPVER=8.1.29&stable=Y&mbfo=0&NGINX=Y&SMD=N&rerere=Y&bitm_main=25.100.500&bitm_abtest=24.100.0&bitm_b24connector=24.0.100&bitm_bitrixcloud=25.0.0&bitm_blog=24.300.100&bitm_catalog=25.0.100&bitm_clouds=25.100.0&bitm_conversion=24.0.0&bitm_currency=24.100.0&bitm_fileman=25.0.0&bitm_form=25.0.0&bitm_forum=25.200.0&bitm_highloadblock=24.100.0&bitm_iblock=25.0.100&bitm_landing=24.800.300&bitm_location=25.100.0&bitm_messageservice=24.900.100&bitm_mobileapp=24.200.0&bitm_perfmon=24.200.0&bitm_photogallery=25.0.0&bitm_pull=25.200.100&bitm_report=24.100.100&bitm_rest=25.300.100&bitm_sale=25.0.200&bitm_search=25.0.0&bitm_security=24.0.300&bitm_sender=24.400.100&bitm_seo=24.700.100&bitm_socialservices=24.200.100&bitm_storeassist=24.0.0&bitm_subscribe=24.0.0&bitm_translate=25.0.0&bitm_ui=25.50.200&bitm_vote=25.0.0&bitl_en=&bitl_ru=&SUPD_OFC=Small&SUPD_SRS=RU&SUPD_CMP=N&SALE_15=Y&LICENSE_SIGNED=%7Enew_license18_0_sign-Y
2025-10-16 13:40:35 -  - exec CUpdateClient::GetHTTPPage
2025-10-16 13:40:35 -  - TIME GetUpdatesList(request) 0.132 sec
2025-10-16 13:40:35 -  - exec CUpdateClient::ParseServerData
2025-10-20 14:41:49 -  - exec CUpdateClient::GetUpdatesList
2025-10-20 14:41:49 -  - exec CUpdateClient::CollectRequestData
2025-10-20 14:41:49 -  - LICENSE_KEY=X&lang=ru&SUPD_VER=25.700.0&VERSION=25.100.500&TYPENC=D&SUPD_STS=1&SUPD_URS=0&SUPD_DBS=MYSQL&XE=N&CLIENT_SITE=oil.topmarka.site&SERVER_NAME=&CHHB=oil.topmarka.site&CSAB=127.0.0.1&SUID=lwtni8sq62k2eywi9dw8xljlgcaw2ul4&CANGZIP=Y&CLIENT_PHPVER=8.1.29&stable=Y&mbfo=0&NGINX=Y&SMD=N&rerere=Y&bitm_main=25.100.500&bitm_abtest=24.100.0&bitm_b24connector=24.0.100&bitm_bitrixcloud=25.0.0&bitm_blog=24.300.100&bitm_catalog=25.0.100&bitm_clouds=25.100.0&bitm_conversion=24.0.0&bitm_currency=24.100.0&bitm_fileman=25.0.0&bitm_form=25.0.0&bitm_forum=25.200.0&bitm_highloadblock=24.100.0&bitm_iblock=25.0.100&bitm_landing=24.800.300&bitm_location=25.100.0&bitm_messageservice=24.900.100&bitm_mobileapp=24.200.0&bitm_perfmon=24.200.0&bitm_photogallery=25.0.0&bitm_pull=25.200.100&bitm_report=24.100.100&bitm_rest=25.300.100&bitm_sale=25.0.200&bitm_search=25.0.0&bitm_security=24.0.300&bitm_sender=24.400.100&bitm_seo=24.700.100&bitm_socialservices=24.200.100&bitm_storeassist=24.0.0&bitm_subscribe=24.0.0&bitm_translate=25.0.0&bitm_ui=25.50.200&bitm_vote=25.0.0&bitl_en=&bitl_ru=&SUPD_OFC=Small&SUPD_SRS=RU&SUPD_CMP=N&SALE_15=Y&LICENSE_SIGNED=%7Enew_license18_0_sign-Y
2025-10-20 14:41:49 -  - exec CUpdateClient::GetHTTPPage
2025-10-20 14:41:55 -  - TIME GetUpdatesList(request) 6.798 sec
2025-10-20 14:41:55 -  - exec CUpdateClient::ParseServerData
2025-10-20 14:53:36 -  - exec CUpdateClient::GetUpdatesList
2025-10-20 14:53:36 -  - exec CUpdateClient::CollectRequestData
2025-10-20 14:53:36 -  - LICENSE_KEY=X&lang=ru&SUPD_VER=25.700.0&VERSION=25.100.500&TYPENC=D&SUPD_STS=1&SUPD_URS=0&SUPD_DBS=MYSQL&XE=N&CLIENT_SITE=oil.topmarka.site&SERVER_NAME=&CHHB=oil.topmarka.site&CSAB=127.0.0.1&SUID=lwtni8sq62k2eywi9dw8xljlgcaw2ul4&CANGZIP=Y&CLIENT_PHPVER=8.1.29&stable=Y&mbfo=0&NGINX=Y&SMD=N&rerere=Y&bitm_main=25.100.500&bitm_abtest=24.100.0&bitm_b24connector=24.0.100&bitm_bitrixcloud=25.0.0&bitm_blog=24.300.100&bitm_catalog=25.0.100&bitm_clouds=25.100.0&bitm_conversion=24.0.0&bitm_currency=24.100.0&bitm_fileman=25.0.0&bitm_form=25.0.0&bitm_forum=25.200.0&bitm_highloadblock=24.100.0&bitm_iblock=25.0.100&bitm_landing=24.800.300&bitm_location=25.100.0&bitm_messageservice=24.900.100&bitm_mobileapp=24.200.0&bitm_perfmon=24.200.0&bitm_photogallery=25.0.0&bitm_pull=25.200.100&bitm_report=24.100.100&bitm_rest=25.300.100&bitm_sale=25.0.200&bitm_search=25.0.0&bitm_security=24.0.300&bitm_sender=24.400.100&bitm_seo=24.700.100&bitm_socialservices=24.200.100&bitm_storeassist=24.0.0&bitm_subscribe=24.0.0&bitm_translate=25.0.0&bitm_ui=25.50.200&bitm_vote=25.0.0&bitl_en=&bitl_ru=&SUPD_OFC=Small&SUPD_SRS=RU&SUPD_CMP=N&SALE_15=Y&LICENSE_SIGNED=%7Enew_license18_0_sign-Y
2025-10-20 14:53:36 -  - exec CUpdateClient::GetHTTPPage
2025-10-20 14:53:36 -  - TIME GetUpdatesList(request) 0.229 sec
2025-10-20 14:53:36 -  - exec CUpdateClient::ParseServerData
2025-10-20 14:53:44 -  - exec CUpdateClient::LoadModulesUpdates
2025-10-20 14:53:44 -  - exec CUpdateClient::CollectRequestData
2025-10-20 14:53:44 -  - LICENSE_KEY=X&lang=ru&SUPD_VER=25.700.0&VERSION=25.100.500&TYPENC=D&SUPD_STS=1&SUPD_URS=0&SUPD_DBS=MYSQL&XE=N&CLIENT_SITE=oil.topmarka.site&SERVER_NAME=&CHHB=oil.topmarka.site&CSAB=127.0.0.1&SUID=lwtni8sq62k2eywi9dw8xljlgcaw2ul4&CANGZIP=Y&CLIENT_PHPVER=8.1.29&stable=Y&mbfo=0&NGINX=Y&SMD=N&rerere=Y&bitm_main=25.100.500&bitm_abtest=24.100.0&bitm_b24connector=24.0.100&bitm_bitrixcloud=25.0.0&bitm_blog=24.300.100&bitm_catalog=25.0.100&bitm_clouds=25.100.0&bitm_conversion=24.0.0&bitm_currency=24.100.0&bitm_fileman=25.0.0&bitm_form=25.0.0&bitm_forum=25.200.0&bitm_highloadblock=24.100.0&bitm_iblock=25.0.100&bitm_landing=24.800.300&bitm_location=25.100.0&bitm_messageservice=24.900.100&bitm_mobileapp=24.200.0&bitm_perfmon=24.200.0&bitm_photogallery=25.0.0&bitm_pull=25.200.100&bitm_report=24.100.100&bitm_rest=25.300.100&bitm_sale=25.0.200&bitm_search=25.0.0&bitm_security=24.0.300&bitm_sender=24.400.100&bitm_seo=24.700.100&bitm_socialservices=24.200.100&bitm_storeassist=24.0.0&bitm_subscribe=24.0.0&bitm_translate=25.0.0&bitm_ui=25.50.200&bitm_vote=25.0.0&bitl_en=&bitl_ru=&SUPD_OFC=Small&SUPD_SRS=RU&SUPD_CMP=N&SALE_15=Y&LICENSE_SIGNED=%7Enew_license18_0_sign-Y
2025-10-20 14:53:44 -  - exec CUpdateClient::GetHTTPPage
2025-10-20 14:53:44 -  - TIME LoadModulesUpdates(request) 0.195 sec
2025-10-20 14:53:44 -  - exec CUpdateClient::ParseServerData
2025-10-20 14:53:44 - S - STEP
2025-10-20 14:53:44 - LMU01 - LoadModulesUpdates-Step
2025-10-20 14:53:44 -  - exec CUpdateClient::LoadModulesUpdates
2025-10-20 14:53:44 -  - exec CUpdateClient::ParseServerData
2025-10-20 14:53:44 -  - loadFile
2025-10-20 14:53:45 - U - RETURN
2025-10-20 14:53:45 -  - exec CUpdateClient::UnGzipArchive
2025-10-20 14:53:45 -  - TIME UnGzipArchive 0.122 sec
2025-10-20 14:53:45 - CSURUS1 - Run updater '/bitrix/updates/update_m1760961225/main/updater25.200.0.php'
2025-10-20 14:53:45 - CRUPDCF1 - Run updater '/bitrix/updates/update_m1760961225/main/updater25.200.0.php': CopyFiles(install/js, js)
2025-10-20 14:53:45 -  - TIME UpdateStepModules 0.173 sec
2025-10-20 14:53:45 - UPD_SUCCESS - Updated: main (25.200.0)<br><li>Добавлена поддержка нескольких руководителей и заместителей из структуры компании в правах доступа. 
2025-10-20 14:53:45 -  - exec CUpdateClient::RegisterVersion
2025-10-20 14:53:45 -  - exec CUpdateClient::CollectRequestData
2025-10-20 14:53:45 -  - LICENSE_KEY=X&lang=ru&SUPD_VER=25.700.0&VERSION=25.200.0&TYPENC=D&SUPD_STS=1&SUPD_URS=0&SUPD_DBS=MYSQL&XE=N&CLIENT_SITE=oil.topmarka.site&SERVER_NAME=&CHHB=oil.topmarka.site&CSAB=127.0.0.1&SUID=lwtni8sq62k2eywi9dw8xljlgcaw2ul4&CANGZIP=Y&CLIENT_PHPVER=8.1.29&stable=Y&mbfo=0&NGINX=Y&SMD=N&rerere=Y&bitm_main=25.200.0&bitm_abtest=24.100.0&bitm_b24connector=24.0.100&bitm_bitrixcloud=25.0.0&bitm_blog=24.300.100&bitm_catalog=25.0.100&bitm_clouds=25.100.0&bitm_conversion=24.0.0&bitm_currency=24.100.0&bitm_fileman=25.0.0&bitm_form=25.0.0&bitm_forum=25.200.0&bitm_highloadblock=24.100.0&bitm_iblock=25.0.100&bitm_landing=24.800.300&bitm_location=25.100.0&bitm_messageservice=24.900.100&bitm_mobileapp=24.200.0&bitm_perfmon=24.200.0&bitm_photogallery=25.0.0&bitm_pull=25.200.100&bitm_report=24.100.100&bitm_rest=25.300.100&bitm_sale=25.0.200&bitm_search=25.0.0&bitm_security=24.0.300&bitm_sender=24.400.100&bitm_seo=24.700.100&bitm_socialservices=24.200.100&bitm_storeassist=24.0.0&bitm_subscribe=24.0.0&bitm_translate=25.0.0&bitm_ui=25.50.200&bitm_vote=25.0.0&bitl_en=&bitl_ru=&SUPD_OFC=Small&SUPD_SRS=RU&SUPD_CMP=N&SALE_15=Y&LICENSE_SIGNED=%7Enew_license18_0_sign-Y&query_type=register
2025-10-20 14:53:45 -  - exec CUpdateClient::GetHTTPPage
2025-10-20 14:53:45 -  - TIME RegisterVersion(request) 0.115 sec
2025-10-20 14:53:45 -  - exec CUpdateClient::UnGzipArchive
2025-10-20 14:53:45 -  - TIME UnGzipArchive 0.001 sec
2025-10-20 14:53:45 -  - exec CUpdateClient::ParseServerData
2025-10-20 14:53:45 - CURV - Product registered successfully!
2025-10-20 14:53:45 - UPD_SUCCESS - Registered
2025-12-01 12:02:52 -  - exec CUpdateClient::GetUpdatesList
2025-12-01 12:02:52 -  - exec CUpdateClient::CollectRequestData
2025-12-01 12:02:52 -  - LICENSE_KEY=X&lang=ru&SUPD_VER=25.700.0&VERSION=25.200.0&TYPENC=E&SUPD_STS=1&SUPD_URS=0&SUPD_DBS=MYSQL&XE=N&CLIENT_SITE=oil.topmarka.site&SERVER_NAME=&CHHB=oil.topmarka.site&CSAB=127.0.0.1&SUID=lwtni8sq62k2eywi9dw8xljlgcaw2ul4&CANGZIP=Y&CLIENT_PHPVER=8.1.29&stable=Y&mbfo=0&NGINX=Y&SMD=N&rerere=Y&bitm_main=25.200.0&bitm_abtest=24.100.0&bitm_b24connector=24.0.100&bitm_bitrixcloud=25.0.0&bitm_blog=24.300.100&bitm_catalog=25.0.100&bitm_clouds=25.100.0&bitm_conversion=24.0.0&bitm_currency=24.100.0&bitm_fileman=25.0.0&bitm_form=25.0.0&bitm_forum=25.200.0&bitm_highloadblock=24.100.0&bitm_iblock=25.0.100&bitm_landing=24.800.300&bitm_location=25.100.0&bitm_messageservice=24.900.100&bitm_mobileapp=24.200.0&bitm_perfmon=24.200.0&bitm_photogallery=25.0.0&bitm_pull=25.200.100&bitm_report=24.100.100&bitm_rest=25.300.100&bitm_sale=25.0.200&bitm_search=25.0.0&bitm_security=24.0.300&bitm_sender=24.400.100&bitm_seo=24.700.100&bitm_socialservices=24.200.100&bitm_storeassist=24.0.0&bitm_subscribe=24.0.0&bitm_translate=25.0.0&bitm_ui=25.50.200&bitm_vote=25.0.0&bitl_en=&bitl_ru=&SUPD_OFC=Small&SUPD_SRS=RU&SUPD_CMP=N&SALE_15=Y&LICENSE_SIGNED=%7Enew_license18_0_sign-Y
2025-12-01 12:02:52 -  - exec CUpdateClient::GetHTTPPage
2025-12-01 12:02:52 -  - TIME GetUpdatesList(request) 0.225 sec
2025-12-01 12:02:52 -  - exec CUpdateClient::ParseServerData
