2025-09-15 15:51:19 -  - exec CUpdateClientPartner::__CollectRequestData
2025-09-15 15:51:19 -  - exec CUpdateClientPartner::GetHTTPPage
2025-09-15 15:51:21 -  - exec CUpdateClientPartner::ParseServerData
2025-09-15 15:51:21 -  - exec CUpdateClientPartner::GetUpdatesList
2025-09-15 15:51:21 -  - exec CUpdateClientPartner::__CollectRequestData
2025-09-15 15:51:21 -  - utf=Y&lang=ru&stable=Y&CANGZIP=Y&SUPD_DBS=MYSQL&XE=N&CLIENT_SITE=oil.topmarka.site&LICENSE_KEY=X&SUPD_STS=1&SUPD_URS=0&TYPENC=D&CLIENT_PHPVER=8.3.8&NGINX=Y&dbv=8.0.36&instm=main%2C25.100.500%2CY%3Babtest%2C24.100.0%2CN%3Bb24connector%2C24.0.100%2CN%3Bbitrix.eshop%2C24.100.0%2CN%3Bbitrix.sitecorporate%2C24.0.0%2CN%3Bbitrixcloud%2C25.0.0%2CN%3Bblog%2C24.300.100%2CN%3Bcatalog%2C25.0.100%2CN%3Bclouds%2C25.100.0%2CN%3Bconversion%2C24.0.0%2CN%3Bcurrency%2C24.100.0%2CN%3Bfileman%2C25.0.0%2CN%3Bform%2C25.0.0%2CN%3Bforum%2C25.200.0%2CN%3Bhighloadblock%2C24.100.0%2CN%3Biblock%2C25.0.100%2CN%3Blanding%2C24.800.300%2CN%3Blocation%2C25.100.0%2CN%3Bmessageservice%2C24.900.100%2CN%3Bmobileapp%2C24.200.0%2CN%3Bperfmon%2C24.200.0%2CN%3Bphotogallery%2C25.0.0%2CN%3Bpull%2C25.200.100%2CN%3Breport%2C24.100.100%2CN%3Brest%2C25.300.100%2CN%3Bsale%2C25.0.200%2CN%3Bsearch%2C25.0.0%2CN%3Bsecurity%2C24.0.300%2CN%3Bsender%2C24.400.100%2CN%3Bseo%2C24.700.100%2CN%3Bsocialservices%2C24.200.100%2CN%3Bstoreassist%2C24.0.0%2CN%3Bsubscribe%2C24.0.0%2CN%3Btranslate%2C25.0.0%2CN%3Bui%2C25.50.200%2CN%3Bvote%2C25.0.0%2CN&reqm=bitrix.eshop%2Cbitrix.sitecorporate&fullmoduleinfo=Y&SUPD_SRS=RU&SUPD_CMP=N
2025-09-15 15:51:21 -  - exec CUpdateClientPartner::GetHTTPPage
2025-09-15 15:51:21 -  - TIME GetUpdatesList(request) 0.251 sec
2025-09-15 15:51:21 -  - exec CUpdateClientPartner::ParseServerData
2025-09-15 15:51:21 -  - exec CUpdateClientPartner::__CollectRequestData
2025-09-15 15:51:21 -  - exec CUpdateClientPartner::GetHTTPPage
2025-09-15 15:51:21 -  - exec CUpdateClientPartner::ParseServerData
2025-10-07 09:43:55 -  - exec CUpdateClientPartner::__CollectRequestData
2025-10-07 09:43:55 -  - exec CUpdateClientPartner::GetHTTPPage
2025-10-07 09:43:55 -  - exec CUpdateClientPartner::ParseServerData
2025-10-07 09:43:55 -  - exec CUpdateClientPartner::GetUpdatesList
2025-10-07 09:43:55 -  - exec CUpdateClientPartner::__CollectRequestData
2025-10-07 09:43:55 -  - utf=Y&lang=ru&stable=Y&CANGZIP=Y&SUPD_DBS=MYSQL&XE=N&CLIENT_SITE=oil.topmarka.site&LICENSE_KEY=X&SUPD_STS=1&SUPD_URS=0&TYPENC=D&CLIENT_PHPVER=8.1.29&NGINX=Y&dbv=8.0.36&instm=main%2C25.100.500%2CY%3Babtest%2C24.100.0%2CN%3Bb24connector%2C24.0.100%2CN%3Bbitrix.eshop%2C24.100.0%2CN%3Bbitrix.sitecorporate%2C24.0.0%2CN%3Bbitrixcloud%2C25.0.0%2CN%3Bblog%2C24.300.100%2CN%3Bcatalog%2C25.0.100%2CN%3Bclouds%2C25.100.0%2CN%3Bconversion%2C24.0.0%2CN%3Bcurrency%2C24.100.0%2CN%3Bfileman%2C25.0.0%2CN%3Bform%2C25.0.0%2CN%3Bforum%2C25.200.0%2CN%3Bhighloadblock%2C24.100.0%2CN%3Biblock%2C25.0.100%2CN%3Blanding%2C24.800.300%2CN%3Blocation%2C25.100.0%2CN%3Bmessageservice%2C24.900.100%2CN%3Bmobileapp%2C24.200.0%2CN%3Bperfmon%2C24.200.0%2CN%3Bphotogallery%2C25.0.0%2CN%3Bpull%2C25.200.100%2CN%3Breport%2C24.100.100%2CN%3Brest%2C25.300.100%2CN%3Bsale%2C25.0.200%2CN%3Bsearch%2C25.0.0%2CN%3Bsecurity%2C24.0.300%2CN%3Bsender%2C24.400.100%2CN%3Bseo%2C24.700.100%2CN%3Bsocialservices%2C24.200.100%2CN%3Bstoreassist%2C24.0.0%2CN%3Bsubscribe%2C24.0.0%2CN%3Btranslate%2C25.0.0%2CN%3Bui%2C25.50.200%2CN%3Bvote%2C25.0.0%2CN&reqm=bitrix.eshop%2Cbitrix.sitecorporate&fullmoduleinfo=Y&SUPD_SRS=RU&SUPD_CMP=N
2025-10-07 09:43:55 -  - exec CUpdateClientPartner::GetHTTPPage
2025-10-07 09:43:55 -  - TIME GetUpdatesList(request) 0.225 sec
2025-10-07 09:43:55 -  - exec CUpdateClientPartner::ParseServerData
2025-10-07 09:43:55 -  - exec CUpdateClientPartner::__CollectRequestData
2025-10-07 09:43:55 -  - exec CUpdateClientPartner::GetHTTPPage
2025-10-07 09:43:55 -  - exec CUpdateClientPartner::ParseServerData
2025-10-08 11:30:52 -  - exec CUpdateClientPartner::__CollectRequestData
2025-10-08 11:30:52 -  - exec CUpdateClientPartner::GetHTTPPage
2025-10-08 11:30:52 -  - exec CUpdateClientPartner::ParseServerData
2025-10-08 11:30:52 -  - exec CUpdateClientPartner::GetUpdatesList
2025-10-08 11:30:52 -  - exec CUpdateClientPartner::__CollectRequestData
2025-10-08 11:30:52 -  - utf=Y&lang=ru&stable=Y&CANGZIP=Y&SUPD_DBS=MYSQL&XE=N&CLIENT_SITE=oil.topmarka.site&LICENSE_KEY=X&SUPD_STS=1&SUPD_URS=0&TYPENC=D&CLIENT_PHPVER=8.1.29&NGINX=Y&dbv=8.0.36&instm=main%2C25.100.500%2CY%3Babtest%2C24.100.0%2CN%3Bb24connector%2C24.0.100%2CN%3Bbitrix.eshop%2C24.100.0%2CN%3Bbitrix.sitecorporate%2C24.0.0%2CN%3Bbitrixcloud%2C25.0.0%2CN%3Bblog%2C24.300.100%2CN%3Bcatalog%2C25.0.100%2CN%3Bclouds%2C25.100.0%2CN%3Bconversion%2C24.0.0%2CN%3Bcurrency%2C24.100.0%2CN%3Bfileman%2C25.0.0%2CN%3Bform%2C25.0.0%2CN%3Bforum%2C25.200.0%2CN%3Bhighloadblock%2C24.100.0%2CN%3Biblock%2C25.0.100%2CN%3Blanding%2C24.800.300%2CN%3Blocation%2C25.100.0%2CN%3Bmessageservice%2C24.900.100%2CN%3Bmobileapp%2C24.200.0%2CN%3Bperfmon%2C24.200.0%2CN%3Bphotogallery%2C25.0.0%2CN%3Bpull%2C25.200.100%2CN%3Breport%2C24.100.100%2CN%3Brest%2C25.300.100%2CN%3Bsale%2C25.0.200%2CN%3Bsearch%2C25.0.0%2CN%3Bsecurity%2C24.0.300%2CN%3Bsender%2C24.400.100%2CN%3Bseo%2C24.700.100%2CN%3Bsocialservices%2C24.200.100%2CN%3Bstoreassist%2C24.0.0%2CN%3Bsubscribe%2C24.0.0%2CN%3Btranslate%2C25.0.0%2CN%3Bui%2C25.50.200%2CN%3Bvote%2C25.0.0%2CN&reqm=bitrix.eshop%2Cbitrix.sitecorporate&fullmoduleinfo=Y&SUPD_SRS=RU&SUPD_CMP=N
2025-10-08 11:30:52 -  - exec CUpdateClientPartner::GetHTTPPage
2025-10-08 11:30:52 -  - TIME GetUpdatesList(request) 0.239 sec
2025-10-08 11:30:52 -  - exec CUpdateClientPartner::ParseServerData
2025-10-08 11:30:52 -  - exec CUpdateClientPartner::__CollectRequestData
2025-10-08 11:30:52 -  - exec CUpdateClientPartner::GetHTTPPage
2025-10-08 11:30:53 -  - exec CUpdateClientPartner::ParseServerData
2025-10-13 10:14:49 -  - exec CUpdateClientPartner::__CollectRequestData
2025-10-13 10:14:49 -  - exec CUpdateClientPartner::GetHTTPPage
2025-10-13 10:14:49 -  - exec CUpdateClientPartner::ParseServerData
2025-10-13 10:14:49 -  - exec CUpdateClientPartner::GetUpdatesList
2025-10-13 10:14:49 -  - exec CUpdateClientPartner::__CollectRequestData
2025-10-13 10:14:49 -  - utf=Y&lang=ru&stable=Y&CANGZIP=Y&SUPD_DBS=MYSQL&XE=N&CLIENT_SITE=oil.topmarka.site&LICENSE_KEY=X&SUPD_STS=1&SUPD_URS=0&TYPENC=D&CLIENT_PHPVER=8.1.29&NGINX=Y&dbv=8.0.36&instm=main%2C25.100.500%2CY%3Babtest%2C24.100.0%2CN%3Bb24connector%2C24.0.100%2CN%3Bbitrix.eshop%2C24.100.0%2CN%3Bbitrix.sitecorporate%2C24.0.0%2CN%3Bbitrixcloud%2C25.0.0%2CN%3Bblog%2C24.300.100%2CN%3Bcatalog%2C25.0.100%2CN%3Bclouds%2C25.100.0%2CN%3Bconversion%2C24.0.0%2CN%3Bcurrency%2C24.100.0%2CN%3Bfileman%2C25.0.0%2CN%3Bform%2C25.0.0%2CN%3Bforum%2C25.200.0%2CN%3Bhighloadblock%2C24.100.0%2CN%3Biblock%2C25.0.100%2CN%3Blanding%2C24.800.300%2CN%3Blocation%2C25.100.0%2CN%3Bmessageservice%2C24.900.100%2CN%3Bmobileapp%2C24.200.0%2CN%3Bperfmon%2C24.200.0%2CN%3Bphotogallery%2C25.0.0%2CN%3Bpull%2C25.200.100%2CN%3Breport%2C24.100.100%2CN%3Brest%2C25.300.100%2CN%3Bsale%2C25.0.200%2CN%3Bsearch%2C25.0.0%2CN%3Bsecurity%2C24.0.300%2CN%3Bsender%2C24.400.100%2CN%3Bseo%2C24.700.100%2CN%3Bsocialservices%2C24.200.100%2CN%3Bstoreassist%2C24.0.0%2CN%3Bsubscribe%2C24.0.0%2CN%3Btranslate%2C25.0.0%2CN%3Bui%2C25.50.200%2CN%3Bvote%2C25.0.0%2CN&reqm=bitrix.eshop%2Cbitrix.sitecorporate&fullmoduleinfo=Y&SUPD_SRS=RU&SUPD_CMP=N
2025-10-13 10:14:49 -  - exec CUpdateClientPartner::GetHTTPPage
2025-10-13 10:14:50 -  - TIME GetUpdatesList(request) 0.345 sec
2025-10-13 10:14:50 -  - exec CUpdateClientPartner::ParseServerData
2025-10-13 10:14:50 -  - exec CUpdateClientPartner::__CollectRequestData
2025-10-13 10:14:50 -  - exec CUpdateClientPartner::GetHTTPPage
2025-10-13 10:14:50 -  - exec CUpdateClientPartner::ParseServerData
2025-10-16 13:02:37 -  - exec CUpdateClientPartner::__CollectRequestData
2025-10-16 13:02:37 -  - exec CUpdateClientPartner::GetHTTPPage
2025-10-16 13:02:37 -  - exec CUpdateClientPartner::ParseServerData
2025-10-16 13:02:37 -  - exec CUpdateClientPartner::GetUpdatesList
2025-10-16 13:02:37 -  - exec CUpdateClientPartner::__CollectRequestData
2025-10-16 13:02:37 -  - utf=Y&lang=ru&stable=Y&CANGZIP=Y&SUPD_DBS=MYSQL&XE=N&CLIENT_SITE=oil.topmarka.site&LICENSE_KEY=X&SUPD_STS=1&SUPD_URS=0&TYPENC=D&CLIENT_PHPVER=8.1.29&NGINX=Y&dbv=8.0.36&instm=main%2C25.100.500%2CY%3Babtest%2C24.100.0%2CN%3Bb24connector%2C24.0.100%2CN%3Bbitrix.eshop%2C24.100.0%2CN%3Bbitrix.sitecorporate%2C24.0.0%2CN%3Bbitrixcloud%2C25.0.0%2CN%3Bblog%2C24.300.100%2CN%3Bcatalog%2C25.0.100%2CN%3Bclouds%2C25.100.0%2CN%3Bconversion%2C24.0.0%2CN%3Bcurrency%2C24.100.0%2CN%3Bfileman%2C25.0.0%2CN%3Bform%2C25.0.0%2CN%3Bforum%2C25.200.0%2CN%3Bhighloadblock%2C24.100.0%2CN%3Biblock%2C25.0.100%2CN%3Blanding%2C24.800.300%2CN%3Blocation%2C25.100.0%2CN%3Bmessageservice%2C24.900.100%2CN%3Bmobileapp%2C24.200.0%2CN%3Bperfmon%2C24.200.0%2CN%3Bphotogallery%2C25.0.0%2CN%3Bpull%2C25.200.100%2CN%3Breport%2C24.100.100%2CN%3Brest%2C25.300.100%2CN%3Bsale%2C25.0.200%2CN%3Bsearch%2C25.0.0%2CN%3Bsecurity%2C24.0.300%2CN%3Bsender%2C24.400.100%2CN%3Bseo%2C24.700.100%2CN%3Bsocialservices%2C24.200.100%2CN%3Bstoreassist%2C24.0.0%2CN%3Bsubscribe%2C24.0.0%2CN%3Btranslate%2C25.0.0%2CN%3Bui%2C25.50.200%2CN%3Bvote%2C25.0.0%2CN&reqm=bitrix.eshop%2Cbitrix.sitecorporate&fullmoduleinfo=Y&SUPD_SRS=RU&SUPD_CMP=N
2025-10-16 13:02:37 -  - exec CUpdateClientPartner::GetHTTPPage
2025-10-16 13:02:37 -  - TIME GetUpdatesList(request) 0.155 sec
2025-10-16 13:02:37 -  - exec CUpdateClientPartner::ParseServerData
2025-10-16 13:02:37 -  - exec CUpdateClientPartner::__CollectRequestData
2025-10-16 13:02:37 -  - exec CUpdateClientPartner::GetHTTPPage
2025-10-16 13:02:37 -  - exec CUpdateClientPartner::ParseServerData
2025-10-20 08:38:20 -  - exec CUpdateClientPartner::__CollectRequestData
2025-10-20 08:38:20 -  - exec CUpdateClientPartner::GetHTTPPage
2025-10-20 08:38:21 -  - exec CUpdateClientPartner::ParseServerData
2025-10-20 08:38:21 -  - exec CUpdateClientPartner::GetUpdatesList
2025-10-20 08:38:21 -  - exec CUpdateClientPartner::__CollectRequestData
2025-10-20 08:38:21 -  - utf=Y&lang=ru&stable=Y&CANGZIP=Y&SUPD_DBS=MYSQL&XE=N&CLIENT_SITE=oil.topmarka.site&LICENSE_KEY=X&SUPD_STS=1&SUPD_URS=0&TYPENC=D&CLIENT_PHPVER=8.1.29&NGINX=Y&dbv=8.0.36&instm=main%2C25.100.500%2CY%3Babtest%2C24.100.0%2CN%3Bb24connector%2C24.0.100%2CN%3Bbitrix.eshop%2C24.100.0%2CN%3Bbitrix.sitecorporate%2C24.0.0%2CN%3Bbitrixcloud%2C25.0.0%2CN%3Bblog%2C24.300.100%2CN%3Bcatalog%2C25.0.100%2CN%3Bclouds%2C25.100.0%2CN%3Bconversion%2C24.0.0%2CN%3Bcurrency%2C24.100.0%2CN%3Bfileman%2C25.0.0%2CN%3Bform%2C25.0.0%2CN%3Bforum%2C25.200.0%2CN%3Bhighloadblock%2C24.100.0%2CN%3Biblock%2C25.0.100%2CN%3Blanding%2C24.800.300%2CN%3Blocation%2C25.100.0%2CN%3Bmessageservice%2C24.900.100%2CN%3Bmobileapp%2C24.200.0%2CN%3Bperfmon%2C24.200.0%2CN%3Bphotogallery%2C25.0.0%2CN%3Bpull%2C25.200.100%2CN%3Breport%2C24.100.100%2CN%3Brest%2C25.300.100%2CN%3Bsale%2C25.0.200%2CN%3Bsearch%2C25.0.0%2CN%3Bsecurity%2C24.0.300%2CN%3Bsender%2C24.400.100%2CN%3Bseo%2C24.700.100%2CN%3Bsocialservices%2C24.200.100%2CN%3Bstoreassist%2C24.0.0%2CN%3Bsubscribe%2C24.0.0%2CN%3Btranslate%2C25.0.0%2CN%3Bui%2C25.50.200%2CN%3Bvote%2C25.0.0%2CN&reqm=bitrix.eshop%2Cbitrix.sitecorporate&fullmoduleinfo=Y&SUPD_SRS=RU&SUPD_CMP=N
2025-10-20 08:38:21 -  - exec CUpdateClientPartner::GetHTTPPage
2025-10-20 08:38:22 -  - TIME GetUpdatesList(request) 0.108 sec
2025-10-20 08:38:22 -  - exec CUpdateClientPartner::ParseServerData
2025-10-20 08:38:22 -  - exec CUpdateClientPartner::__CollectRequestData
2025-10-20 08:38:22 -  - exec CUpdateClientPartner::GetHTTPPage
2025-10-20 08:38:22 -  - exec CUpdateClientPartner::ParseServerData
2025-10-27 08:11:19 -  - exec CUpdateClientPartner::__CollectRequestData
2025-10-27 08:11:19 -  - exec CUpdateClientPartner::GetHTTPPage
2025-10-27 08:11:20 -  - exec CUpdateClientPartner::ParseServerData
2025-10-27 08:11:20 -  - exec CUpdateClientPartner::GetUpdatesList
2025-10-27 08:11:20 -  - exec CUpdateClientPartner::__CollectRequestData
2025-10-27 08:11:20 -  - utf=Y&lang=ru&stable=Y&CANGZIP=Y&SUPD_DBS=MYSQL&XE=N&CLIENT_SITE=oil.topmarka.site&LICENSE_KEY=X&SUPD_STS=1&SUPD_URS=0&TYPENC=E&CLIENT_PHPVER=8.1.29&NGINX=Y&dbv=8.0.36&instm=main%2C25.200.0%2CN%3Babtest%2C24.100.0%2CN%3Bb24connector%2C24.0.100%2CN%3Bbitrix.eshop%2C24.100.0%2CN%3Bbitrix.sitecorporate%2C24.0.0%2CN%3Bbitrixcloud%2C25.0.0%2CN%3Bblog%2C24.300.100%2CN%3Bcatalog%2C25.0.100%2CN%3Bclouds%2C25.100.0%2CN%3Bconversion%2C24.0.0%2CN%3Bcurrency%2C24.100.0%2CN%3Bfileman%2C25.0.0%2CN%3Bform%2C25.0.0%2CN%3Bforum%2C25.200.0%2CN%3Bhighloadblock%2C24.100.0%2CN%3Biblock%2C25.0.100%2CN%3Blanding%2C24.800.300%2CN%3Blocation%2C25.100.0%2CN%3Bmessageservice%2C24.900.100%2CN%3Bmobileapp%2C24.200.0%2CN%3Bperfmon%2C24.200.0%2CN%3Bphotogallery%2C25.0.0%2CN%3Bpull%2C25.200.100%2CN%3Breport%2C24.100.100%2CN%3Brest%2C25.300.100%2CN%3Bsale%2C25.0.200%2CN%3Bsearch%2C25.0.0%2CN%3Bsecurity%2C24.0.300%2CN%3Bsender%2C24.400.100%2CN%3Bseo%2C24.700.100%2CN%3Bsocialservices%2C24.200.100%2CN%3Bstoreassist%2C24.0.0%2CN%3Bsubscribe%2C24.0.0%2CN%3Btranslate%2C25.0.0%2CN%3Bui%2C25.50.200%2CN%3Bvote%2C25.0.0%2CN&reqm=bitrix.eshop%2Cbitrix.sitecorporate&fullmoduleinfo=Y&SUPD_SRS=RU&SUPD_CMP=N
2025-10-27 08:11:20 -  - exec CUpdateClientPartner::GetHTTPPage
2025-10-27 08:11:20 -  - TIME GetUpdatesList(request) 0.24 sec
2025-10-27 08:11:20 -  - exec CUpdateClientPartner::ParseServerData
2025-10-27 08:11:20 -  - exec CUpdateClientPartner::__CollectRequestData
2025-10-27 08:11:20 -  - exec CUpdateClientPartner::GetHTTPPage
2025-10-27 08:11:20 -  - exec CUpdateClientPartner::ParseServerData
2025-12-01 12:02:51 -  - exec CUpdateClientPartner::__CollectRequestData
2025-12-01 12:02:51 -  - exec CUpdateClientPartner::GetHTTPPage
2025-12-01 12:02:51 -  - exec CUpdateClientPartner::ParseServerData
2025-12-01 12:02:51 -  - exec CUpdateClientPartner::GetUpdatesList
2025-12-01 12:02:51 -  - exec CUpdateClientPartner::__CollectRequestData
2025-12-01 12:02:51 -  - utf=Y&lang=ru&stable=Y&CANGZIP=Y&SUPD_DBS=MYSQL&XE=N&CLIENT_SITE=oil.topmarka.site&LICENSE_KEY=X&SUPD_STS=1&SUPD_URS=0&TYPENC=E&CLIENT_PHPVER=8.1.29&NGINX=Y&dbv=8.0.36&instm=main%2C25.200.0%2CN%3Babtest%2C24.100.0%2CN%3Bb24connector%2C24.0.100%2CN%3Bbitrix.eshop%2C24.100.0%2CN%3Bbitrix.sitecorporate%2C24.0.0%2CN%3Bbitrixcloud%2C25.0.0%2CN%3Bblog%2C24.300.100%2CN%3Bcatalog%2C25.0.100%2CN%3Bclouds%2C25.100.0%2CN%3Bconversion%2C24.0.0%2CN%3Bcurrency%2C24.100.0%2CN%3Bfileman%2C25.0.0%2CN%3Bform%2C25.0.0%2CN%3Bforum%2C25.200.0%2CN%3Bhighloadblock%2C24.100.0%2CN%3Biblock%2C25.0.100%2CN%3Blanding%2C24.800.300%2CN%3Blocation%2C25.100.0%2CN%3Bmessageservice%2C24.900.100%2CN%3Bmobileapp%2C24.200.0%2CN%3Bperfmon%2C24.200.0%2CN%3Bphotogallery%2C25.0.0%2CN%3Bpull%2C25.200.100%2CN%3Breport%2C24.100.100%2CN%3Brest%2C25.300.100%2CN%3Bsale%2C25.0.200%2CN%3Bsearch%2C25.0.0%2CN%3Bsecurity%2C24.0.300%2CN%3Bsender%2C24.400.100%2CN%3Bseo%2C24.700.100%2CN%3Bsocialservices%2C24.200.100%2CN%3Bstoreassist%2C24.0.0%2CN%3Bsubscribe%2C24.0.0%2CN%3Btranslate%2C25.0.0%2CN%3Bui%2C25.50.200%2CN%3Bvote%2C25.0.0%2CN&reqm=bitrix.eshop%2Cbitrix.sitecorporate&fullmoduleinfo=Y&SUPD_SRS=RU&SUPD_CMP=N
2025-12-01 12:02:51 -  - exec CUpdateClientPartner::GetHTTPPage
2025-12-01 12:02:51 -  - TIME GetUpdatesList(request) 0.223 sec
2025-12-01 12:02:51 -  - exec CUpdateClientPartner::ParseServerData
2025-12-01 12:02:51 -  - exec CUpdateClientPartner::__CollectRequestData
2025-12-01 12:02:51 -  - exec CUpdateClientPartner::GetHTTPPage
2025-12-01 12:02:52 -  - exec CUpdateClientPartner::ParseServerData
2025-12-18 08:46:50 -  - exec CUpdateClientPartner::__CollectRequestData
2025-12-18 08:46:50 -  - exec CUpdateClientPartner::GetHTTPPage
2025-12-18 08:46:51 -  - exec CUpdateClientPartner::ParseServerData
2025-12-18 08:46:51 -  - exec CUpdateClientPartner::GetUpdatesList
2025-12-18 08:46:51 -  - exec CUpdateClientPartner::__CollectRequestData
2025-12-18 08:46:51 -  - utf=Y&lang=ru&stable=Y&CANGZIP=Y&SUPD_DBS=MYSQL&XE=N&CLIENT_SITE=oil.topmarka.site&LICENSE_KEY=X&SUPD_STS=1&SUPD_URS=0&TYPENC=E&CLIENT_PHPVER=8.1.29&NGINX=Y&dbv=8.0.36&instm=main%2C25.200.0%2CN%3Babtest%2C24.100.0%2CN%3Bb24connector%2C24.0.100%2CN%3Bbitrix.eshop%2C24.100.0%2CN%3Bbitrix.sitecorporate%2C24.0.0%2CN%3Bbitrixcloud%2C25.0.0%2CN%3Bblog%2C24.300.100%2CN%3Bcatalog%2C25.0.100%2CN%3Bclouds%2C25.100.0%2CN%3Bconversion%2C24.0.0%2CN%3Bcurrency%2C24.100.0%2CN%3Bfileman%2C25.0.0%2CN%3Bform%2C25.0.0%2CN%3Bforum%2C25.200.0%2CN%3Bhighloadblock%2C24.100.0%2CN%3Biblock%2C25.0.100%2CN%3Blanding%2C24.800.300%2CN%3Blocation%2C25.100.0%2CN%3Bmessageservice%2C24.900.100%2CN%3Bmobileapp%2C24.200.0%2CN%3Bperfmon%2C24.200.0%2CN%3Bphotogallery%2C25.0.0%2CN%3Bpull%2C25.200.100%2CN%3Breport%2C24.100.100%2CN%3Brest%2C25.300.100%2CN%3Bsale%2C25.0.200%2CN%3Bsearch%2C25.0.0%2CN%3Bsecurity%2C24.0.300%2CN%3Bsender%2C24.400.100%2CN%3Bseo%2C24.700.100%2CN%3Bsocialservices%2C24.200.100%2CN%3Bstoreassist%2C24.0.0%2CN%3Bsubscribe%2C24.0.0%2CN%3Btranslate%2C25.0.0%2CN%3Bui%2C25.50.200%2CN%3Bvote%2C25.0.0%2CN&reqm=bitrix.eshop%2Cbitrix.sitecorporate&fullmoduleinfo=Y&SUPD_SRS=RU&SUPD_CMP=N
2025-12-18 08:46:51 -  - exec CUpdateClientPartner::GetHTTPPage
2025-12-18 08:46:51 -  - TIME GetUpdatesList(request) 0.177 sec
2025-12-18 08:46:51 -  - exec CUpdateClientPartner::ParseServerData
2025-12-18 08:46:51 -  - exec CUpdateClientPartner::__CollectRequestData
2025-12-18 08:46:51 -  - exec CUpdateClientPartner::GetHTTPPage
2025-12-18 08:46:51 -  - exec CUpdateClientPartner::ParseServerData
2026-01-14 12:47:19 -  - exec CUpdateClientPartner::__CollectRequestData
2026-01-14 12:47:19 -  - exec CUpdateClientPartner::GetHTTPPage
2026-01-14 12:47:19 -  - exec CUpdateClientPartner::ParseServerData
2026-01-14 12:47:19 -  - exec CUpdateClientPartner::GetUpdatesList
2026-01-14 12:47:19 -  - exec CUpdateClientPartner::__CollectRequestData
2026-01-14 12:47:19 -  - utf=Y&lang=ru&stable=Y&CANGZIP=Y&SUPD_DBS=MYSQL&XE=N&CLIENT_SITE=oil.topmarka.site&LICENSE_KEY=X&SUPD_STS=1&SUPD_URS=0&TYPENC=E&CLIENT_PHPVER=8.1.29&NGINX=Y&dbv=8.0.36&instm=main%2C25.200.0%2CN%3Babtest%2C24.100.0%2CN%3Bb24connector%2C24.0.100%2CN%3Bbitrix.eshop%2C24.100.0%2CN%3Bbitrix.sitecorporate%2C24.0.0%2CN%3Bbitrixcloud%2C25.0.0%2CN%3Bblog%2C24.300.100%2CN%3Bcatalog%2C25.0.100%2CN%3Bclouds%2C25.100.0%2CN%3Bconversion%2C24.0.0%2CN%3Bcurrency%2C24.100.0%2CN%3Bfileman%2C25.0.0%2CN%3Bform%2C25.0.0%2CN%3Bforum%2C25.200.0%2CN%3Bhighloadblock%2C24.100.0%2CN%3Biblock%2C25.0.100%2CN%3Blanding%2C24.800.300%2CN%3Blocation%2C25.100.0%2CN%3Bmessageservice%2C24.900.100%2CN%3Bmobileapp%2C24.200.0%2CN%3Bperfmon%2C24.200.0%2CN%3Bphotogallery%2C25.0.0%2CN%3Bpull%2C25.200.100%2CN%3Breport%2C24.100.100%2CN%3Brest%2C25.300.100%2CN%3Bsale%2C25.0.200%2CN%3Bsearch%2C25.0.0%2CN%3Bsecurity%2C24.0.300%2CN%3Bsender%2C24.400.100%2CN%3Bseo%2C24.700.100%2CN%3Bsocialservices%2C24.200.100%2CN%3Bstoreassist%2C24.0.0%2CN%3Bsubscribe%2C24.0.0%2CN%3Btranslate%2C25.0.0%2CN%3Bui%2C25.50.200%2CN%3Bvote%2C25.0.0%2CN&reqm=bitrix.eshop%2Cbitrix.sitecorporate&fullmoduleinfo=Y&SUPD_SRS=RU&SUPD_CMP=N
2026-01-14 12:47:19 -  - exec CUpdateClientPartner::GetHTTPPage
2026-01-14 12:47:20 -  - TIME GetUpdatesList(request) 0.234 sec
2026-01-14 12:47:20 -  - exec CUpdateClientPartner::ParseServerData
2026-01-14 12:47:20 -  - exec CUpdateClientPartner::__CollectRequestData
2026-01-14 12:47:20 -  - exec CUpdateClientPartner::GetHTTPPage
2026-01-14 12:47:20 -  - exec CUpdateClientPartner::ParseServerData
2026-01-19 09:45:07 -  - exec CUpdateClientPartner::__CollectRequestData
2026-01-19 09:45:07 -  - exec CUpdateClientPartner::GetHTTPPage
2026-01-19 09:45:08 -  - exec CUpdateClientPartner::ParseServerData
2026-01-19 09:45:08 -  - exec CUpdateClientPartner::GetUpdatesList
2026-01-19 09:45:08 -  - exec CUpdateClientPartner::__CollectRequestData
2026-01-19 09:45:08 -  - utf=Y&lang=ru&stable=Y&CANGZIP=Y&SUPD_DBS=MYSQL&XE=N&CLIENT_SITE=oil.topmarka.site&LICENSE_KEY=X&SUPD_STS=1&SUPD_URS=0&TYPENC=E&CLIENT_PHPVER=8.1.29&NGINX=Y&dbv=8.0.36&instm=main%2C25.200.0%2CN%3Babtest%2C24.100.0%2CN%3Bb24connector%2C24.0.100%2CN%3Bbitrix.eshop%2C24.100.0%2CN%3Bbitrix.sitecorporate%2C24.0.0%2CN%3Bbitrixcloud%2C25.0.0%2CN%3Bblog%2C24.300.100%2CN%3Bcatalog%2C25.0.100%2CN%3Bclouds%2C25.100.0%2CN%3Bconversion%2C24.0.0%2CN%3Bcurrency%2C24.100.0%2CN%3Bfileman%2C25.0.0%2CN%3Bform%2C25.0.0%2CN%3Bforum%2C25.200.0%2CN%3Bhighloadblock%2C24.100.0%2CN%3Biblock%2C25.0.100%2CN%3Blanding%2C24.800.300%2CN%3Blocation%2C25.100.0%2CN%3Bmessageservice%2C24.900.100%2CN%3Bmobileapp%2C24.200.0%2CN%3Bperfmon%2C24.200.0%2CN%3Bphotogallery%2C25.0.0%2CN%3Bpull%2C25.200.100%2CN%3Breport%2C24.100.100%2CN%3Brest%2C25.300.100%2CN%3Bsale%2C25.0.200%2CN%3Bsearch%2C25.0.0%2CN%3Bsecurity%2C24.0.300%2CN%3Bsender%2C24.400.100%2CN%3Bseo%2C24.700.100%2CN%3Bsocialservices%2C24.200.100%2CN%3Bstoreassist%2C24.0.0%2CN%3Bsubscribe%2C24.0.0%2CN%3Btranslate%2C25.0.0%2CN%3Bui%2C25.50.200%2CN%3Bvote%2C25.0.0%2CN&reqm=bitrix.eshop%2Cbitrix.sitecorporate&fullmoduleinfo=Y&SUPD_SRS=RU&SUPD_CMP=N
2026-01-19 09:45:08 -  - exec CUpdateClientPartner::GetHTTPPage
2026-01-19 09:45:08 -  - TIME GetUpdatesList(request) 0.247 sec
2026-01-19 09:45:08 -  - exec CUpdateClientPartner::ParseServerData
2026-01-19 09:45:08 -  - exec CUpdateClientPartner::__CollectRequestData
2026-01-19 09:45:08 -  - exec CUpdateClientPartner::GetHTTPPage
2026-01-19 09:45:08 -  - exec CUpdateClientPartner::ParseServerData
2026-01-27 16:40:28 -  - exec CUpdateClientPartner::__CollectRequestData
2026-01-27 16:40:28 -  - exec CUpdateClientPartner::GetHTTPPage
2026-01-27 16:40:28 -  - exec CUpdateClientPartner::ParseServerData
2026-01-27 16:40:28 -  - exec CUpdateClientPartner::GetUpdatesList
2026-01-27 16:40:28 -  - exec CUpdateClientPartner::__CollectRequestData
2026-01-27 16:40:28 -  - utf=Y&lang=ru&stable=Y&CANGZIP=Y&SUPD_DBS=MYSQL&XE=N&CLIENT_SITE=oil.topmarka.site&LICENSE_KEY=X&SUPD_STS=1&SUPD_URS=0&TYPENC=E&CLIENT_PHPVER=8.1.29&NGINX=Y&dbv=8.0.36&instm=main%2C25.200.0%2CN%3Babtest%2C24.100.0%2CN%3Bb24connector%2C24.0.100%2CN%3Bbitrix.eshop%2C24.100.0%2CN%3Bbitrix.sitecorporate%2C24.0.0%2CN%3Bbitrixcloud%2C25.0.0%2CN%3Bblog%2C24.300.100%2CN%3Bcatalog%2C25.0.100%2CN%3Bclouds%2C25.100.0%2CN%3Bconversion%2C24.0.0%2CN%3Bcurrency%2C24.100.0%2CN%3Bfileman%2C25.0.0%2CN%3Bform%2C25.0.0%2CN%3Bforum%2C25.200.0%2CN%3Bhighloadblock%2C24.100.0%2CN%3Biblock%2C25.0.100%2CN%3Blanding%2C24.800.300%2CN%3Blocation%2C25.100.0%2CN%3Bmessageservice%2C24.900.100%2CN%3Bmobileapp%2C24.200.0%2CN%3Bperfmon%2C24.200.0%2CN%3Bphotogallery%2C25.0.0%2CN%3Bpull%2C25.200.100%2CN%3Breport%2C24.100.100%2CN%3Brest%2C25.300.100%2CN%3Bsale%2C25.0.200%2CN%3Bsearch%2C25.0.0%2CN%3Bsecurity%2C24.0.300%2CN%3Bsender%2C24.400.100%2CN%3Bseo%2C24.700.100%2CN%3Bsocialservices%2C24.200.100%2CN%3Bstoreassist%2C24.0.0%2CN%3Bsubscribe%2C24.0.0%2CN%3Btranslate%2C25.0.0%2CN%3Bui%2C25.50.200%2CN%3Bvote%2C25.0.0%2CN&reqm=bitrix.eshop%2Cbitrix.sitecorporate&fullmoduleinfo=Y&SUPD_SRS=RU&SUPD_CMP=N
2026-01-27 16:40:28 -  - exec CUpdateClientPartner::GetHTTPPage
2026-01-27 16:40:29 -  - TIME GetUpdatesList(request) 0.199 sec
2026-01-27 16:40:29 -  - exec CUpdateClientPartner::ParseServerData
2026-01-27 16:40:29 -  - exec CUpdateClientPartner::__CollectRequestData
2026-01-27 16:40:29 -  - exec CUpdateClientPartner::GetHTTPPage
2026-01-27 16:40:29 -  - exec CUpdateClientPartner::ParseServerData
2026-01-29 09:37:32 -  - exec CUpdateClientPartner::__CollectRequestData
2026-01-29 09:37:32 -  - exec CUpdateClientPartner::GetHTTPPage
2026-01-29 09:37:32 -  - exec CUpdateClientPartner::ParseServerData
2026-01-29 09:37:32 -  - exec CUpdateClientPartner::GetUpdatesList
2026-01-29 09:37:32 -  - exec CUpdateClientPartner::__CollectRequestData
2026-01-29 09:37:32 -  - utf=Y&lang=ru&stable=Y&CANGZIP=Y&SUPD_DBS=MYSQL&XE=N&CLIENT_SITE=oil.topmarka.site&LICENSE_KEY=X&SUPD_STS=1&SUPD_URS=0&TYPENC=E&CLIENT_PHPVER=8.1.29&NGINX=Y&dbv=8.0.36&instm=main%2C25.200.0%2CN%3Babtest%2C24.100.0%2CN%3Bb24connector%2C24.0.100%2CN%3Bbitrix.eshop%2C24.100.0%2CN%3Bbitrix.sitecorporate%2C24.0.0%2CN%3Bbitrixcloud%2C25.0.0%2CN%3Bblog%2C24.300.100%2CN%3Bcatalog%2C25.0.100%2CN%3Bclouds%2C25.100.0%2CN%3Bconversion%2C24.0.0%2CN%3Bcurrency%2C24.100.0%2CN%3Bfileman%2C25.0.0%2CN%3Bform%2C25.0.0%2CN%3Bforum%2C25.200.0%2CN%3Bhighloadblock%2C24.100.0%2CN%3Biblock%2C25.0.100%2CN%3Blanding%2C24.800.300%2CN%3Blocation%2C25.100.0%2CN%3Bmessageservice%2C24.900.100%2CN%3Bmobileapp%2C24.200.0%2CN%3Bperfmon%2C24.200.0%2CN%3Bphotogallery%2C25.0.0%2CN%3Bpull%2C25.200.100%2CN%3Breport%2C24.100.100%2CN%3Brest%2C25.300.100%2CN%3Bsale%2C25.0.200%2CN%3Bsearch%2C25.0.0%2CN%3Bsecurity%2C24.0.300%2CN%3Bsender%2C24.400.100%2CN%3Bseo%2C24.700.100%2CN%3Bsocialservices%2C24.200.100%2CN%3Bstoreassist%2C24.0.0%2CN%3Bsubscribe%2C24.0.0%2CN%3Btranslate%2C25.0.0%2CN%3Bui%2C25.50.200%2CN%3Bvote%2C25.0.0%2CN&reqm=bitrix.eshop%2Cbitrix.sitecorporate&fullmoduleinfo=Y&SUPD_SRS=RU&SUPD_CMP=N
2026-01-29 09:37:32 -  - exec CUpdateClientPartner::GetHTTPPage
2026-01-29 09:37:32 -  - TIME GetUpdatesList(request) 0.177 sec
2026-01-29 09:37:32 -  - exec CUpdateClientPartner::ParseServerData
2026-01-29 09:37:32 -  - exec CUpdateClientPartner::__CollectRequestData
2026-01-29 09:37:32 -  - exec CUpdateClientPartner::GetHTTPPage
2026-01-29 09:37:33 -  - exec CUpdateClientPartner::ParseServerData
2026-02-20 13:47:10 -  - exec CUpdateClientPartner::__CollectRequestData
2026-02-20 13:47:10 -  - exec CUpdateClientPartner::GetHTTPPage
2026-02-20 13:47:10 -  - exec CUpdateClientPartner::ParseServerData
2026-02-20 13:47:10 -  - exec CUpdateClientPartner::GetUpdatesList
2026-02-20 13:47:10 -  - exec CUpdateClientPartner::__CollectRequestData
2026-02-20 13:47:10 -  - utf=Y&lang=ru&stable=Y&CANGZIP=Y&SUPD_DBS=MYSQL&XE=N&CLIENT_SITE=oil.topmarka.site&LICENSE_KEY=X&SUPD_STS=1&SUPD_URS=0&TYPENC=E&CLIENT_PHPVER=8.1.33&NGINX=Y&dbv=8.0.44&instm=main%2C25.200.0%2CN%3Babtest%2C24.100.0%2CN%3Bb24connector%2C24.0.100%2CN%3Bbitrix.eshop%2C24.100.0%2CN%3Bbitrix.sitecorporate%2C24.0.0%2CN%3Bbitrixcloud%2C25.0.0%2CN%3Bblog%2C24.300.100%2CN%3Bcatalog%2C25.0.100%2CN%3Bclouds%2C25.100.0%2CN%3Bconversion%2C24.0.0%2CN%3Bcurrency%2C24.100.0%2CN%3Bfileman%2C25.0.0%2CN%3Bform%2C25.0.0%2CN%3Bforum%2C25.200.0%2CN%3Bhighloadblock%2C24.100.0%2CN%3Biblock%2C25.0.100%2CN%3Blanding%2C24.800.300%2CN%3Blocation%2C25.100.0%2CN%3Bmessageservice%2C24.900.100%2CN%3Bmobileapp%2C24.200.0%2CN%3Bperfmon%2C24.200.0%2CN%3Bphotogallery%2C25.0.0%2CN%3Bpull%2C25.200.100%2CN%3Breport%2C24.100.100%2CN%3Brest%2C25.300.100%2CN%3Bsale%2C25.0.200%2CN%3Bsearch%2C25.0.0%2CN%3Bsecurity%2C24.0.300%2CN%3Bsender%2C24.400.100%2CN%3Bseo%2C24.700.100%2CN%3Bsocialservices%2C24.200.100%2CN%3Bstoreassist%2C24.0.0%2CN%3Bsubscribe%2C24.0.0%2CN%3Btranslate%2C25.0.0%2CN%3Bui%2C25.50.200%2CN%3Bvote%2C25.0.0%2CN&reqm=bitrix.eshop%2Cbitrix.sitecorporate&fullmoduleinfo=Y&SUPD_SRS=RU&SUPD_CMP=N
2026-02-20 13:47:10 -  - exec CUpdateClientPartner::GetHTTPPage
2026-02-20 13:47:10 -  - TIME GetUpdatesList(request) 0.128 sec
2026-02-20 13:47:10 -  - exec CUpdateClientPartner::ParseServerData
2026-02-20 13:47:10 -  - exec CUpdateClientPartner::__CollectRequestData
2026-02-20 13:47:10 -  - exec CUpdateClientPartner::GetHTTPPage
2026-02-20 13:47:10 -  - exec CUpdateClientPartner::ParseServerData
2026-03-20 11:28:23 -  - exec CUpdateClientPartner::__CollectRequestData
2026-03-20 11:28:23 -  - exec CUpdateClientPartner::GetHTTPPage
2026-03-20 11:28:23 -  - exec CUpdateClientPartner::ParseServerData
2026-03-20 11:28:23 -  - exec CUpdateClientPartner::GetUpdatesList
2026-03-20 11:28:23 -  - exec CUpdateClientPartner::__CollectRequestData
2026-03-20 11:28:23 -  - utf=Y&lang=ru&stable=Y&CANGZIP=Y&SUPD_DBS=MYSQL&XE=N&CLIENT_SITE=oil.topmarka.site&LICENSE_KEY=X&SUPD_STS=1&SUPD_URS=0&TYPENC=E&CLIENT_PHPVER=8.1.33&NGINX=Y&dbv=8.0.44&instm=main%2C25.200.0%2CN%3Babtest%2C24.100.0%2CN%3Bb24connector%2C24.0.100%2CN%3Bbitrix.eshop%2C24.100.0%2CN%3Bbitrix.sitecorporate%2C24.0.0%2CN%3Bbitrixcloud%2C25.0.0%2CN%3Bblog%2C24.300.100%2CN%3Bcatalog%2C25.0.100%2CN%3Bclouds%2C25.100.0%2CN%3Bconversion%2C24.0.0%2CN%3Bcurrency%2C24.100.0%2CN%3Bfileman%2C25.0.0%2CN%3Bform%2C25.0.0%2CN%3Bforum%2C25.200.0%2CN%3Bhighloadblock%2C24.100.0%2CN%3Biblock%2C25.0.100%2CN%3Blanding%2C24.800.300%2CN%3Blocation%2C25.100.0%2CN%3Bmessageservice%2C24.900.100%2CN%3Bmobileapp%2C24.200.0%2CN%3Bperfmon%2C24.200.0%2CN%3Bphotogallery%2C25.0.0%2CN%3Bpull%2C25.200.100%2CN%3Breport%2C24.100.100%2CN%3Brest%2C25.300.100%2CN%3Bsale%2C25.0.200%2CN%3Bsearch%2C25.0.0%2CN%3Bsecurity%2C24.0.300%2CN%3Bsender%2C24.400.100%2CN%3Bseo%2C24.700.100%2CN%3Bsocialservices%2C24.200.100%2CN%3Bstoreassist%2C24.0.0%2CN%3Bsubscribe%2C24.0.0%2CN%3Btranslate%2C25.0.0%2CN%3Bui%2C25.50.200%2CN%3Bvote%2C25.0.0%2CN&reqm=bitrix.eshop%2Cbitrix.sitecorporate&fullmoduleinfo=Y&SUPD_SRS=RU&SUPD_CMP=N
2026-03-20 11:28:23 -  - exec CUpdateClientPartner::GetHTTPPage
2026-03-20 11:28:23 -  - TIME GetUpdatesList(request) 0.17 sec
2026-03-20 11:28:23 -  - exec CUpdateClientPartner::ParseServerData
2026-03-20 11:28:23 -  - exec CUpdateClientPartner::__CollectRequestData
2026-03-20 11:28:23 -  - exec CUpdateClientPartner::GetHTTPPage
2026-03-20 11:28:23 -  - exec CUpdateClientPartner::ParseServerData
2026-03-23 10:32:00 -  - exec CUpdateClientPartner::__CollectRequestData
2026-03-23 10:32:00 -  - exec CUpdateClientPartner::GetHTTPPage
2026-03-23 10:32:01 -  - exec CUpdateClientPartner::ParseServerData
2026-03-23 10:32:01 -  - exec CUpdateClientPartner::GetUpdatesList
2026-03-23 10:32:01 -  - exec CUpdateClientPartner::__CollectRequestData
2026-03-23 10:32:01 -  - utf=Y&lang=ru&stable=Y&CANGZIP=Y&SUPD_DBS=MYSQL&XE=N&CLIENT_SITE=oil.topmarka.site&LICENSE_KEY=X&SUPD_STS=1&SUPD_URS=0&TYPENC=E&CLIENT_PHPVER=8.1.33&NGINX=Y&dbv=8.0.44&instm=main%2C25.200.0%2CN%3Babtest%2C24.100.0%2CN%3Bb24connector%2C24.0.100%2CN%3Bbitrix.eshop%2C24.100.0%2CN%3Bbitrix.sitecorporate%2C24.0.0%2CN%3Bbitrixcloud%2C25.0.0%2CN%3Bblog%2C24.300.100%2CN%3Bcatalog%2C25.0.100%2CN%3Bclouds%2C25.100.0%2CN%3Bconversion%2C24.0.0%2CN%3Bcurrency%2C24.100.0%2CN%3Bfileman%2C25.0.0%2CN%3Bform%2C25.0.0%2CN%3Bforum%2C25.200.0%2CN%3Bhighloadblock%2C24.100.0%2CN%3Biblock%2C25.0.100%2CN%3Blanding%2C24.800.300%2CN%3Blocation%2C25.100.0%2CN%3Bmessageservice%2C24.900.100%2CN%3Bmobileapp%2C24.200.0%2CN%3Bperfmon%2C24.200.0%2CN%3Bphotogallery%2C25.0.0%2CN%3Bpull%2C25.200.100%2CN%3Breport%2C24.100.100%2CN%3Brest%2C25.300.100%2CN%3Bsale%2C25.0.200%2CN%3Bsearch%2C25.0.0%2CN%3Bsecurity%2C24.0.300%2CN%3Bsender%2C24.400.100%2CN%3Bseo%2C24.700.100%2CN%3Bsocialservices%2C24.200.100%2CN%3Bstoreassist%2C24.0.0%2CN%3Bsubscribe%2C24.0.0%2CN%3Btranslate%2C25.0.0%2CN%3Bui%2C25.50.200%2CN%3Bvote%2C25.0.0%2CN&reqm=bitrix.eshop%2Cbitrix.sitecorporate&fullmoduleinfo=Y&SUPD_SRS=RU&SUPD_CMP=N
2026-03-23 10:32:01 -  - exec CUpdateClientPartner::GetHTTPPage
2026-03-23 10:32:02 -  - TIME GetUpdatesList(request) 0.4 sec
2026-03-23 10:32:02 -  - exec CUpdateClientPartner::ParseServerData
2026-03-23 10:32:02 -  - exec CUpdateClientPartner::__CollectRequestData
2026-03-23 10:32:02 -  - exec CUpdateClientPartner::GetHTTPPage
2026-03-23 10:32:02 -  - exec CUpdateClientPartner::ParseServerData
2026-03-24 13:36:16 -  - exec CUpdateClientPartner::__CollectRequestData
2026-03-24 13:36:16 -  - exec CUpdateClientPartner::GetHTTPPage
2026-03-24 13:36:16 -  - exec CUpdateClientPartner::ParseServerData
2026-03-24 13:36:16 -  - exec CUpdateClientPartner::GetUpdatesList
2026-03-24 13:36:16 -  - exec CUpdateClientPartner::__CollectRequestData
2026-03-24 13:36:16 -  - utf=Y&lang=ru&stable=Y&CANGZIP=Y&SUPD_DBS=MYSQL&XE=N&CLIENT_SITE=oil.topmarka.site&LICENSE_KEY=X&SUPD_STS=1&SUPD_URS=0&TYPENC=E&CLIENT_PHPVER=8.1.33&NGINX=Y&dbv=8.0.44&instm=main%2C25.200.0%2CN%3Babtest%2C24.100.0%2CN%3Bb24connector%2C24.0.100%2CN%3Bbitrix.eshop%2C24.100.0%2CN%3Bbitrix.sitecorporate%2C24.0.0%2CN%3Bbitrixcloud%2C25.0.0%2CN%3Bblog%2C24.300.100%2CN%3Bcatalog%2C25.0.100%2CN%3Bclouds%2C25.100.0%2CN%3Bconversion%2C24.0.0%2CN%3Bcurrency%2C24.100.0%2CN%3Bfileman%2C25.0.0%2CN%3Bform%2C25.0.0%2CN%3Bforum%2C25.200.0%2CN%3Bhighloadblock%2C24.100.0%2CN%3Biblock%2C25.0.100%2CN%3Blanding%2C24.800.300%2CN%3Blocation%2C25.100.0%2CN%3Bmessageservice%2C24.900.100%2CN%3Bmobileapp%2C24.200.0%2CN%3Bperfmon%2C24.200.0%2CN%3Bphotogallery%2C25.0.0%2CN%3Bpull%2C25.200.100%2CN%3Breport%2C24.100.100%2CN%3Brest%2C25.300.100%2CN%3Bsale%2C25.0.200%2CN%3Bsearch%2C25.0.0%2CN%3Bsecurity%2C24.0.300%2CN%3Bsender%2C24.400.100%2CN%3Bseo%2C24.700.100%2CN%3Bsocialservices%2C24.200.100%2CN%3Bstoreassist%2C24.0.0%2CN%3Bsubscribe%2C24.0.0%2CN%3Btranslate%2C25.0.0%2CN%3Bui%2C25.50.200%2CN%3Bvote%2C25.0.0%2CN&reqm=bitrix.eshop%2Cbitrix.sitecorporate&fullmoduleinfo=Y&SUPD_SRS=RU&SUPD_CMP=N
2026-03-24 13:36:16 -  - exec CUpdateClientPartner::GetHTTPPage
2026-03-24 13:36:16 -  - TIME GetUpdatesList(request) 0.142 sec
2026-03-24 13:36:16 -  - exec CUpdateClientPartner::ParseServerData
2026-03-24 13:36:16 -  - exec CUpdateClientPartner::__CollectRequestData
2026-03-24 13:36:16 -  - exec CUpdateClientPartner::GetHTTPPage
2026-03-24 13:36:17 -  - exec CUpdateClientPartner::ParseServerData
2026-03-26 09:04:39 -  - exec CUpdateClientPartner::__CollectRequestData
2026-03-26 09:04:39 -  - exec CUpdateClientPartner::GetHTTPPage
2026-03-26 09:04:39 -  - exec CUpdateClientPartner::ParseServerData
2026-03-26 09:04:39 -  - exec CUpdateClientPartner::GetUpdatesList
2026-03-26 09:04:39 -  - exec CUpdateClientPartner::__CollectRequestData
2026-03-26 09:04:39 -  - utf=Y&lang=ru&stable=Y&CANGZIP=Y&SUPD_DBS=MYSQL&XE=N&CLIENT_SITE=oil.topmarka.site&LICENSE_KEY=X&SUPD_STS=1&SUPD_URS=0&TYPENC=E&CLIENT_PHPVER=8.1.33&NGINX=Y&dbv=8.0.44&instm=main%2C25.200.0%2CN%3Babtest%2C24.100.0%2CN%3Bb24connector%2C24.0.100%2CN%3Bbitrix.eshop%2C24.100.0%2CN%3Bbitrix.sitecorporate%2C24.0.0%2CN%3Bbitrixcloud%2C25.0.0%2CN%3Bblog%2C24.300.100%2CN%3Bcatalog%2C25.0.100%2CN%3Bclouds%2C25.100.0%2CN%3Bconversion%2C24.0.0%2CN%3Bcurrency%2C24.100.0%2CN%3Bfileman%2C25.0.0%2CN%3Bform%2C25.0.0%2CN%3Bforum%2C25.200.0%2CN%3Bhighloadblock%2C24.100.0%2CN%3Biblock%2C25.0.100%2CN%3Blanding%2C24.800.300%2CN%3Blocation%2C25.100.0%2CN%3Bmessageservice%2C24.900.100%2CN%3Bmobileapp%2C24.200.0%2CN%3Bperfmon%2C24.200.0%2CN%3Bphotogallery%2C25.0.0%2CN%3Bpull%2C25.200.100%2CN%3Breport%2C24.100.100%2CN%3Brest%2C25.300.100%2CN%3Bsale%2C25.0.200%2CN%3Bsearch%2C25.0.0%2CN%3Bsecurity%2C24.0.300%2CN%3Bsender%2C24.400.100%2CN%3Bseo%2C24.700.100%2CN%3Bsocialservices%2C24.200.100%2CN%3Bstoreassist%2C24.0.0%2CN%3Bsubscribe%2C24.0.0%2CN%3Btranslate%2C25.0.0%2CN%3Bui%2C25.50.200%2CN%3Bvote%2C25.0.0%2CN&reqm=bitrix.eshop%2Cbitrix.sitecorporate&fullmoduleinfo=Y&SUPD_SRS=RU&SUPD_CMP=N
2026-03-26 09:04:39 -  - exec CUpdateClientPartner::GetHTTPPage
2026-03-26 09:04:39 -  - TIME GetUpdatesList(request) 0.197 sec
2026-03-26 09:04:39 -  - exec CUpdateClientPartner::ParseServerData
2026-03-26 09:04:39 -  - exec CUpdateClientPartner::__CollectRequestData
2026-03-26 09:04:40 -  - exec CUpdateClientPartner::GetHTTPPage
2026-03-26 09:04:40 -  - exec CUpdateClientPartner::ParseServerData
2026-03-28 06:32:14 -  - exec CUpdateClientPartner::__CollectRequestData
2026-03-28 06:32:14 -  - exec CUpdateClientPartner::GetHTTPPage
2026-03-28 06:32:15 -  - exec CUpdateClientPartner::ParseServerData
2026-03-28 06:32:15 -  - exec CUpdateClientPartner::GetUpdatesList
2026-03-28 06:32:15 -  - exec CUpdateClientPartner::__CollectRequestData
2026-03-28 06:32:15 -  - utf=Y&lang=ru&stable=Y&CANGZIP=Y&SUPD_DBS=MYSQL&XE=N&CLIENT_SITE=oil.topmarka.site&LICENSE_KEY=X&SUPD_STS=1&SUPD_URS=0&TYPENC=E&CLIENT_PHPVER=8.1.33&NGINX=Y&dbv=8.0.44&instm=main%2C25.200.0%2CN%3Babtest%2C24.100.0%2CN%3Bb24connector%2C24.0.100%2CN%3Bbitrix.eshop%2C24.100.0%2CN%3Bbitrix.sitecorporate%2C24.0.0%2CN%3Bbitrixcloud%2C25.0.0%2CN%3Bblog%2C24.300.100%2CN%3Bcatalog%2C25.0.100%2CN%3Bclouds%2C25.100.0%2CN%3Bconversion%2C24.0.0%2CN%3Bcurrency%2C24.100.0%2CN%3Bfileman%2C25.0.0%2CN%3Bform%2C25.0.0%2CN%3Bforum%2C25.200.0%2CN%3Bhighloadblock%2C24.100.0%2CN%3Biblock%2C25.0.100%2CN%3Blanding%2C24.800.300%2CN%3Blocation%2C25.100.0%2CN%3Bmessageservice%2C24.900.100%2CN%3Bmobileapp%2C24.200.0%2CN%3Bperfmon%2C24.200.0%2CN%3Bphotogallery%2C25.0.0%2CN%3Bpull%2C25.200.100%2CN%3Breport%2C24.100.100%2CN%3Brest%2C25.300.100%2CN%3Bsale%2C25.0.200%2CN%3Bsearch%2C25.0.0%2CN%3Bsecurity%2C24.0.300%2CN%3Bsender%2C24.400.100%2CN%3Bseo%2C24.700.100%2CN%3Bsocialservices%2C24.200.100%2CN%3Bstoreassist%2C24.0.0%2CN%3Bsubscribe%2C24.0.0%2CN%3Btranslate%2C25.0.0%2CN%3Bui%2C25.50.200%2CN%3Bvote%2C25.0.0%2CN&reqm=bitrix.eshop%2Cbitrix.sitecorporate&fullmoduleinfo=Y&SUPD_SRS=RU&SUPD_CMP=N
2026-03-28 06:32:15 -  - exec CUpdateClientPartner::GetHTTPPage
2026-03-28 06:32:15 -  - TIME GetUpdatesList(request) 0.141 sec
2026-03-28 06:32:15 -  - exec CUpdateClientPartner::ParseServerData
2026-03-28 06:32:15 -  - exec CUpdateClientPartner::__CollectRequestData
2026-03-28 06:32:15 -  - exec CUpdateClientPartner::GetHTTPPage
2026-03-28 06:32:15 -  - exec CUpdateClientPartner::ParseServerData
2026-03-29 18:44:50 -  - exec CUpdateClientPartner::__CollectRequestData
2026-03-29 18:44:50 -  - exec CUpdateClientPartner::GetHTTPPage
2026-03-29 18:44:51 -  - exec CUpdateClientPartner::ParseServerData
2026-03-29 18:44:51 -  - exec CUpdateClientPartner::GetUpdatesList
2026-03-29 18:44:51 -  - exec CUpdateClientPartner::__CollectRequestData
2026-03-29 18:44:51 -  - utf=Y&lang=ru&stable=Y&CANGZIP=Y&SUPD_DBS=MYSQL&XE=N&CLIENT_SITE=oil.topmarka.site&LICENSE_KEY=X&SUPD_STS=1&SUPD_URS=0&TYPENC=E&CLIENT_PHPVER=8.1.33&NGINX=Y&dbv=8.0.44&instm=main%2C25.200.0%2CN%3Babtest%2C24.100.0%2CN%3Bb24connector%2C24.0.100%2CN%3Bbitrix.eshop%2C24.100.0%2CN%3Bbitrix.sitecorporate%2C24.0.0%2CN%3Bbitrixcloud%2C25.0.0%2CN%3Bblog%2C24.300.100%2CN%3Bcatalog%2C25.0.100%2CN%3Bclouds%2C25.100.0%2CN%3Bconversion%2C24.0.0%2CN%3Bcurrency%2C24.100.0%2CN%3Bfileman%2C25.0.0%2CN%3Bform%2C25.0.0%2CN%3Bforum%2C25.200.0%2CN%3Bhighloadblock%2C24.100.0%2CN%3Biblock%2C25.0.100%2CN%3Blanding%2C24.800.300%2CN%3Blocation%2C25.100.0%2CN%3Bmessageservice%2C24.900.100%2CN%3Bmobileapp%2C24.200.0%2CN%3Bperfmon%2C24.200.0%2CN%3Bphotogallery%2C25.0.0%2CN%3Bpull%2C25.200.100%2CN%3Breport%2C24.100.100%2CN%3Brest%2C25.300.100%2CN%3Bsale%2C25.0.200%2CN%3Bsearch%2C25.0.0%2CN%3Bsecurity%2C24.0.300%2CN%3Bsender%2C24.400.100%2CN%3Bseo%2C24.700.100%2CN%3Bsocialservices%2C24.200.100%2CN%3Bstoreassist%2C24.0.0%2CN%3Bsubscribe%2C24.0.0%2CN%3Btranslate%2C25.0.0%2CN%3Bui%2C25.50.200%2CN%3Bvote%2C25.0.0%2CN&reqm=bitrix.eshop%2Cbitrix.sitecorporate&fullmoduleinfo=Y&SUPD_SRS=RU&SUPD_CMP=N
2026-03-29 18:44:51 -  - exec CUpdateClientPartner::GetHTTPPage
2026-03-29 18:44:51 -  - TIME GetUpdatesList(request) 0.139 sec
2026-03-29 18:44:51 -  - exec CUpdateClientPartner::ParseServerData
2026-03-29 18:44:51 -  - exec CUpdateClientPartner::__CollectRequestData
2026-03-29 18:44:51 -  - exec CUpdateClientPartner::GetHTTPPage
2026-03-29 18:44:52 -  - exec CUpdateClientPartner::ParseServerData
2026-04-24 10:19:53 -  - exec CUpdateClientPartner::__CollectRequestData
2026-04-24 10:19:53 -  - exec CUpdateClientPartner::GetHTTPPage
2026-04-24 10:19:54 -  - exec CUpdateClientPartner::ParseServerData
2026-04-24 10:19:54 -  - exec CUpdateClientPartner::GetUpdatesList
2026-04-24 10:19:54 -  - exec CUpdateClientPartner::__CollectRequestData
2026-04-24 10:19:54 -  - utf=Y&lang=ru&stable=Y&CANGZIP=Y&SUPD_DBS=MYSQL&XE=N&CLIENT_SITE=oil.topmarka.site&LICENSE_KEY=X&SUPD_STS=1&SUPD_URS=0&TYPENC=E&CLIENT_PHPVER=8.1.33&NGINX=Y&dbv=8.0.44&instm=main%2C25.200.0%2CN%3Babtest%2C24.100.0%2CN%3Bb24connector%2C24.0.100%2CN%3Bbitrix.eshop%2C24.100.0%2CN%3Bbitrix.sitecorporate%2C24.0.0%2CN%3Bbitrixcloud%2C25.0.0%2CN%3Bblog%2C24.300.100%2CN%3Bcatalog%2C25.0.100%2CN%3Bclouds%2C25.100.0%2CN%3Bconversion%2C24.0.0%2CN%3Bcurrency%2C24.100.0%2CN%3Bfileman%2C25.0.0%2CN%3Bform%2C25.0.0%2CN%3Bforum%2C25.200.0%2CN%3Bhighloadblock%2C24.100.0%2CN%3Biblock%2C25.0.100%2CN%3Blanding%2C24.800.300%2CN%3Blocation%2C25.100.0%2CN%3Bmessageservice%2C24.900.100%2CN%3Bmobileapp%2C24.200.0%2CN%3Bperfmon%2C24.200.0%2CN%3Bphotogallery%2C25.0.0%2CN%3Bpull%2C25.200.100%2CN%3Breport%2C24.100.100%2CN%3Brest%2C25.300.100%2CN%3Bsale%2C25.0.200%2CN%3Bsearch%2C25.0.0%2CN%3Bsecurity%2C24.0.300%2CN%3Bsender%2C24.400.100%2CN%3Bseo%2C24.700.100%2CN%3Bsocialservices%2C24.200.100%2CN%3Bstoreassist%2C24.0.0%2CN%3Bsubscribe%2C24.0.0%2CN%3Btranslate%2C25.0.0%2CN%3Bui%2C25.50.200%2CN%3Bvote%2C25.0.0%2CN&reqm=bitrix.eshop%2Cbitrix.sitecorporate&fullmoduleinfo=Y&SUPD_SRS=RU&SUPD_CMP=N
2026-04-24 10:19:54 -  - exec CUpdateClientPartner::GetHTTPPage
2026-04-24 10:19:55 -  - TIME GetUpdatesList(request) 0.137 sec
2026-04-24 10:19:55 -  - exec CUpdateClientPartner::ParseServerData
2026-04-24 10:19:55 -  - exec CUpdateClientPartner::__CollectRequestData
2026-04-24 10:19:55 -  - exec CUpdateClientPartner::GetHTTPPage
2026-04-24 10:19:55 -  - exec CUpdateClientPartner::ParseServerData
2026-04-24 10:19:56 -  - exec CUpdateClientPartner::__CollectRequestData
2026-04-24 10:19:56 -  - exec CUpdateClientPartner::GetHTTPPage
2026-04-24 10:19:56 -  - exec CUpdateClientPartner::ParseServerData
2026-04-24 10:19:56 -  - exec CUpdateClientPartner::GetUpdatesList
2026-04-24 10:19:56 -  - exec CUpdateClientPartner::__CollectRequestData
2026-04-24 10:19:56 -  - utf=Y&lang=ru&stable=Y&CANGZIP=Y&SUPD_DBS=MYSQL&XE=N&CLIENT_SITE=oil.topmarka.site&LICENSE_KEY=X&SUPD_STS=1&SUPD_URS=0&TYPENC=E&CLIENT_PHPVER=8.1.33&NGINX=Y&dbv=8.0.44&instm=main%2C25.200.0%2CN%3Babtest%2C24.100.0%2CN%3Bb24connector%2C24.0.100%2CN%3Bbitrix.eshop%2C24.100.0%2CN%3Bbitrix.sitecorporate%2C24.0.0%2CN%3Bbitrixcloud%2C25.0.0%2CN%3Bblog%2C24.300.100%2CN%3Bcatalog%2C25.0.100%2CN%3Bclouds%2C25.100.0%2CN%3Bconversion%2C24.0.0%2CN%3Bcurrency%2C24.100.0%2CN%3Bfileman%2C25.0.0%2CN%3Bform%2C25.0.0%2CN%3Bforum%2C25.200.0%2CN%3Bhighloadblock%2C24.100.0%2CN%3Biblock%2C25.0.100%2CN%3Blanding%2C24.800.300%2CN%3Blocation%2C25.100.0%2CN%3Bmessageservice%2C24.900.100%2CN%3Bmobileapp%2C24.200.0%2CN%3Bperfmon%2C24.200.0%2CN%3Bphotogallery%2C25.0.0%2CN%3Bpull%2C25.200.100%2CN%3Breport%2C24.100.100%2CN%3Brest%2C25.300.100%2CN%3Bsale%2C25.0.200%2CN%3Bsearch%2C25.0.0%2CN%3Bsecurity%2C24.0.300%2CN%3Bsender%2C24.400.100%2CN%3Bseo%2C24.700.100%2CN%3Bsocialservices%2C24.200.100%2CN%3Bstoreassist%2C24.0.0%2CN%3Bsubscribe%2C24.0.0%2CN%3Btranslate%2C25.0.0%2CN%3Bui%2C25.50.200%2CN%3Bvote%2C25.0.0%2CN&reqm=bitrix.eshop%2Cbitrix.sitecorporate&fullmoduleinfo=Y&SUPD_SRS=RU&SUPD_CMP=N
2026-04-24 10:19:56 -  - exec CUpdateClientPartner::GetHTTPPage
2026-04-24 10:19:56 -  - TIME GetUpdatesList(request) 0.155 sec
2026-04-24 10:19:56 -  - exec CUpdateClientPartner::ParseServerData
2026-04-24 10:19:56 -  - exec CUpdateClientPartner::__CollectRequestData
2026-04-24 10:19:56 -  - exec CUpdateClientPartner::GetHTTPPage
2026-04-24 10:19:56 -  - exec CUpdateClientPartner::ParseServerData
2026-05-12 13:47:11 -  - exec CUpdateClientPartner::__CollectRequestData
2026-05-12 13:47:11 -  - exec CUpdateClientPartner::GetHTTPPage
2026-05-12 13:47:11 -  - exec CUpdateClientPartner::ParseServerData
2026-05-12 13:47:11 -  - exec CUpdateClientPartner::GetUpdatesList
2026-05-12 13:47:11 -  - exec CUpdateClientPartner::__CollectRequestData
2026-05-12 13:47:11 -  - utf=Y&lang=ru&stable=Y&CANGZIP=Y&SUPD_DBS=MYSQL&XE=N&CLIENT_SITE=oil.topmarka.site&LICENSE_KEY=X&SUPD_STS=1&SUPD_URS=0&TYPENC=E&CLIENT_PHPVER=8.1.34&NGINX=Y&dbv=8.0.45&instm=main%2C25.200.0%2CN%3Babtest%2C24.100.0%2CN%3Bb24connector%2C24.0.100%2CN%3Bbitrix.eshop%2C24.100.0%2CN%3Bbitrix.sitecorporate%2C24.0.0%2CN%3Bbitrixcloud%2C25.0.0%2CN%3Bblog%2C24.300.100%2CN%3Bcatalog%2C25.0.100%2CN%3Bclouds%2C25.100.0%2CN%3Bconversion%2C24.0.0%2CN%3Bcurrency%2C24.100.0%2CN%3Bfileman%2C25.0.0%2CN%3Bform%2C25.0.0%2CN%3Bforum%2C25.200.0%2CN%3Bhighloadblock%2C24.100.0%2CN%3Biblock%2C25.0.100%2CN%3Blanding%2C24.800.300%2CN%3Blocation%2C25.100.0%2CN%3Bmessageservice%2C24.900.100%2CN%3Bmobileapp%2C24.200.0%2CN%3Bperfmon%2C24.200.0%2CN%3Bphotogallery%2C25.0.0%2CN%3Bpull%2C25.200.100%2CN%3Breport%2C24.100.100%2CN%3Brest%2C25.300.100%2CN%3Bsale%2C25.0.200%2CN%3Bsearch%2C25.0.0%2CN%3Bsecurity%2C24.0.300%2CN%3Bsender%2C24.400.100%2CN%3Bseo%2C24.700.100%2CN%3Bsocialservices%2C24.200.100%2CN%3Bstoreassist%2C24.0.0%2CN%3Bsubscribe%2C24.0.0%2CN%3Btranslate%2C25.0.0%2CN%3Bui%2C25.50.200%2CN%3Bvote%2C25.0.0%2CN&reqm=bitrix.eshop%2Cbitrix.sitecorporate&fullmoduleinfo=Y&SUPD_SRS=RU&SUPD_CMP=N
2026-05-12 13:47:11 -  - exec CUpdateClientPartner::GetHTTPPage
2026-05-12 13:47:11 -  - TIME GetUpdatesList(request) 0.167 sec
2026-05-12 13:47:11 -  - exec CUpdateClientPartner::ParseServerData
2026-05-12 13:47:11 -  - exec CUpdateClientPartner::__CollectRequestData
2026-05-12 13:47:11 -  - exec CUpdateClientPartner::GetHTTPPage
2026-05-12 13:47:11 -  - exec CUpdateClientPartner::ParseServerData
